[debug] [2018-05-13T18:59:51.450Z] ----------------------------------------------------------------------
[debug] [2018-05-13T18:59:51.452Z] Command:       /usr/local/bin/node /usr/local/bin/firebase serve
[debug] [2018-05-13T18:59:51.453Z] CLI Version:   3.17.7
[debug] [2018-05-13T18:59:51.453Z] Platform:      linux
[debug] [2018-05-13T18:59:51.453Z] Node Version:  v6.9.2
[debug] [2018-05-13T18:59:51.453Z] Time:          Sun May 13 2018 21:59:51 GMT+0300 (EEST)
[debug] [2018-05-13T18:59:51.453Z] ----------------------------------------------------------------------
[debug] 
[debug] [2018-05-13T18:59:51.461Z] > command requires scopes: ["email","openid","https://www.googleapis.com/auth/cloudplatformprojects.readonly","https://www.googleapis.com/auth/firebase","https://www.googleapis.com/auth/cloud-platform"]
[debug] [2018-05-13T18:59:51.461Z] > authorizing via signed-in user
[debug] [2018-05-13T18:59:51.463Z] >>> HTTP REQUEST GET https://admin.firebase.com/v1/projects/cariere-6d468  
  
 Sun May 13 2018 21:59:51 GMT+0300 (EEST)
[debug] [2018-05-13T18:59:52.573Z] <<< HTTP RESPONSE 200
[debug] [2018-05-13T18:59:52.575Z] >>> HTTP REQUEST GET https://admin.firebase.com/v1/database/cariere-6d468/tokens  
  
 Sun May 13 2018 21:59:52 GMT+0300 (EEST)
[debug] [2018-05-13T18:59:53.382Z] <<< HTTP RESPONSE 200
[debug] [2018-05-13T18:59:53.383Z] >>> HTTP REQUEST GET https://cloudresourcemanager.googleapis.com/v1/projects/cariere-6d468  
  
 Sun May 13 2018 21:59:53 GMT+0300 (EEST)
[debug] [2018-05-13T18:59:54.405Z] <<< HTTP RESPONSE 200
[info] 
[info] === Serving from '/home/ana/Documents/UniBuc/Anul II/Semestrul II/Cariere'...
[info] 
[debug] [2018-05-13T18:59:54.409Z] >>> HTTP REQUEST GET https://mobilesdk-pa.googleapis.com/v1/projects/757550022548/clients/_:getWebAppConfig  
  
 Sun May 13 2018 21:59:54 GMT+0300 (EEST)
[debug] [2018-05-13T18:59:55.125Z] <<< HTTP RESPONSE 200
[warn] ⚠  hosting: Port 5000 is not available. Trying another port...
[debug] [2018-05-13T18:59:55.145Z] >>> HTTP REQUEST GET https://mobilesdk-pa.googleapis.com/v1/projects/757550022548/clients/_:getWebAppConfig  
  
 Sun May 13 2018 21:59:55 GMT+0300 (EEST)
[debug] [2018-05-13T18:59:55.632Z] <<< HTTP RESPONSE 200
[info] i  hosting: Serving hosting files from: public
[info] ✔  hosting: Local server: http://localhost:5004

